<?xml version="1.0" encoding="UTF-8"?>
<testng-results ignored="0" total="1" passed="1" failed="0" skipped="0">
  <reporter-output>
  </reporter-output>
  <suite started-at="2022-11-22T19:49:10 IST" name="Default suite" finished-at="2022-11-22T19:49:11 IST" duration-ms="97">
    <groups>
    </groups>
    <test started-at="2022-11-22T19:49:10 IST" name="Default test" finished-at="2022-11-22T19:49:11 IST" duration-ms="97">
      <class name="demo.PracticeTest">
        <test-method signature="practice()[pri:0, instance:demo.PracticeTest@18ce0030]" started-at="2022-11-22T19:49:11 IST" name="practice" finished-at="2022-11-22T19:49:11 IST" duration-ms="13" status="PASS">
          <reporter-output>
          </reporter-output>
        </test-method> <!-- practice -->
      </class> <!-- demo.PracticeTest -->
    </test> <!-- Default test -->
  </suite> <!-- Default suite -->
</testng-results>
